<?xml version="1.0" encoding="UTF-8"?><testsuite errors="1" failures="0" name="Testing the Assessment API" skipped="0" tests="1" time="2.79" timestamp="2018-08-27 07:20:43"><testcase name="Successful login"><error message="PKIX path building failed: sun.security.provider.certpath.SunCertPathBuilderException: unable to find valid certification path to requested target" type="sun.security.validator.ValidatorException">PKIX path building failed: sun.security.provider.certpath.SunCertPathBuilderException: unable to find valid certification path to requested target</error><system-err>PKIX path building failed: sun.security.provider.certpath.SunCertPathBuilderException: unable to find valid certification path to requested target
org.apache.http.conn.ssl.SSLSocketFactory.createLayeredSocket(SSLSocketFactory.java:573)
org.apache.http.conn.ssl.SSLSocketFactory.connectSocket(SSLSocketFactory.java:557)
org.apache.http.conn.ssl.SSLSocketFactory.connectSocket(SSLSocketFactory.java:414)
org.apache.http.impl.conn.DefaultClientConnectionOperator.openConnection(DefaultClientConnectionOperator.java:180)
org.apache.http.impl.conn.ManagedClientConnectionImpl.open(ManagedClientConnectionImpl.java:326)
org.apache.http.impl.client.DefaultRequestDirector.tryConnect(DefaultRequestDirector.java:610)
org.apache.http.impl.client.DefaultRequestDirector.execute(DefaultRequestDirector.java:445)
org.apache.http.impl.client.AbstractHttpClient.doExecute(AbstractHttpClient.java:835)
org.apache.http.impl.client.CloseableHttpClient.execute(CloseableHttpClient.java:83)
org.apache.http.impl.client.CloseableHttpClient.execute(CloseableHttpClient.java:56)
io.restassured.internal.http.HTTPBuilder.doRequest(HTTPBuilder.java:494)
io.restassured.internal.http.HTTPBuilder.request(HTTPBuilder.java:451)
io.restassured.internal.RequestSpecificationImpl.sendHttpRequest(RequestSpecificationImpl.groovy:1531)
groovy.lang.MetaMethod.doMethodInvoke(MetaMethod.java:325)
groovy.lang.MetaClassImpl.invokeMethod(MetaClassImpl.java:1213)
groovy.lang.MetaClassImpl.invokeMethod(MetaClassImpl.java:1022)
groovy.lang.MetaClassImpl.invokeMethod(MetaClassImpl.java:810)
io.restassured.internal.RequestSpecificationImpl.invokeMethod(RequestSpecificationImpl.groovy)
io.restassured.internal.RequestSpecificationImpl.sendRequest(RequestSpecificationImpl.groovy:1290)
groovy.lang.MetaMethod.doMethodInvoke(MetaMethod.java:325)
groovy.lang.MetaClassImpl.invokeMethod(MetaClassImpl.java:1213)
groovy.lang.MetaClassImpl.invokeMethod(MetaClassImpl.java:1022)
groovy.lang.MetaClassImpl.invokeMethod(MetaClassImpl.java:810)
io.restassured.internal.RequestSpecificationImpl.invokeMethod(RequestSpecificationImpl.groovy)
io.restassured.internal.filter.SendRequestFilter.filter(SendRequestFilter.groovy:30)
io.restassured.internal.filter.FilterContextImpl.next(FilterContextImpl.groovy:72)
io.restassured.filter.time.TimingFilter.filter(TimingFilter.java:56)
io.restassured.internal.filter.FilterContextImpl.next(FilterContextImpl.groovy:72)
io.restassured.internal.RequestSpecificationImpl.applyPathParamsAndSendRequest(RequestSpecificationImpl.groovy:1731)
groovy.lang.MetaMethod.doMethodInvoke(MetaMethod.java:325)
groovy.lang.MetaClassImpl.invokeMethod(MetaClassImpl.java:1213)
groovy.lang.MetaClassImpl.invokeMethod(MetaClassImpl.java:1022)
groovy.lang.MetaClassImpl.invokeMethod(MetaClassImpl.java:810)
io.restassured.internal.RequestSpecificationImpl.invokeMethod(RequestSpecificationImpl.groovy)
io.restassured.internal.RequestSpecificationImpl.applyPathParamsAndSendRequest(RequestSpecificationImpl.groovy:1737)
groovy.lang.MetaMethod.doMethodInvoke(MetaMethod.java:325)
groovy.lang.MetaClassImpl.invokeMethod(MetaClassImpl.java:1213)
groovy.lang.MetaClassImpl.invokeMethod(MetaClassImpl.java:1022)
groovy.lang.MetaClassImpl.invokeMethod(MetaClassImpl.java:810)
io.restassured.internal.RequestSpecificationImpl.invokeMethod(RequestSpecificationImpl.groovy)
io.restassured.internal.RequestSpecificationImpl.get(RequestSpecificationImpl.groovy:170)
io.restassured.internal.RequestSpecificationImpl.get(RequestSpecificationImpl.groovy)
ReferralStepDefs.triesToLogin(ReferralStepDefs.java:21)
cucumber.runner.Runner.runPickle(Runner.java:80)
</system-err></testcase></testsuite>